<?xml version="1.0" encoding="UTF-8"?>
<!-- Generated by org.testng.reporters.JUnitReportReporter -->
<testsuite hostname="DESKTOP-E27VPVB" failures="0" tests="1" name="com.evs.vtiger.HomeTestScript.HomePageTestScript" time="18.105" errors="0" timestamp="2023-10-20T14:58:25 IST" skipped="0">
  <testcase classname="com.evs.vtiger.HomeTestScript.HomePageTestScript" name="verifyVT0048dragAnddrop" time="18.105"/>
</testsuite> <!-- com.evs.vtiger.HomeTestScript.HomePageTestScript -->
