<?xml version="1.0" encoding="UTF-8"?>
<!-- Generated by org.testng.reporters.JUnitReportReporter -->
<testsuite hostname="DESKTOP-E27VPVB" failures="0" tests="3" name="com.evs.vtiger.testScript.Marketing" time="31.263" errors="0" timestamp="2024-04-18T10:37:10 IST" skipped="2">
  <testcase classname="com.evs.vtiger.testScript.Marketing" name="vt001AccountCreation" time="31.263"/>
  <testcase classname="com.evs.vtiger.testScript.Marketing" name="vt003Documentcreation">
    <skipped/>
  </testcase> <!-- vt003Documentcreation -->
  <testcase classname="com.evs.vtiger.testScript.Marketing" name="vt002LeadsCreation">
    <skipped/>
  </testcase> <!-- vt002LeadsCreation -->
</testsuite> <!-- com.evs.vtiger.testScript.Marketing -->
