<?xml version="1.0" encoding="UTF-8"?>
<!-- Generated by org.testng.reporters.JUnitReportReporter -->
<testsuite hostname="DESKTOP-E27VPVB" failures="0" tests="1" name="com.evs.vtiger.testScript.MarketingLeadsExportTestscript" time="17.076" errors="0" timestamp="2023-11-09T09:57:57 IST" skipped="0">
  <testcase classname="com.evs.vtiger.testScript.MarketingLeadsExportTestscript" name="verifyVT0044" time="17.076"/>
</testsuite> <!-- com.evs.vtiger.testScript.MarketingLeadsExportTestscript -->
