<?xml version="1.0" encoding="UTF-8"?>
<!-- Generated by org.testng.reporters.JUnitReportReporter -->
<testsuite hostname="DESKTOP-E27VPVB" failures="0" tests="2" name="com.evs.vtiger.testScript.InventoryInvoiceTestScript" time="79.048" errors="0" timestamp="2023-11-09T09:57:57 IST" skipped="0">
  <testcase classname="com.evs.vtiger.testScript.InventoryInvoiceTestScript" name="CreateInvoice" time="58.876"/>
  <testcase classname="com.evs.vtiger.testScript.InventoryInvoiceTestScript" name="invetorysecond" time="20.172"/>
</testsuite> <!-- com.evs.vtiger.testScript.InventoryInvoiceTestScript -->
