<?xml version="1.0" encoding="UTF-8"?>
<!-- Generated by org.testng.reporters.JUnitReportReporter -->
<testsuite hostname="DESKTOP-E27VPVB" failures="0" tests="1" name="com.evs.vtiger.testScript.MarketingLeadsTestScript" time="17.797" errors="0" timestamp="2023-11-09T09:57:57 IST" skipped="0">
  <testcase classname="com.evs.vtiger.testScript.MarketingLeadsTestScript" name="verifyvt0030CreadsNewLeads" time="17.797"/>
</testsuite> <!-- com.evs.vtiger.testScript.MarketingLeadsTestScript -->
