<?xml version="1.0" encoding="UTF-8"?>
<!-- Generated by org.testng.reporters.JUnitReportReporter -->
<testsuite hostname="DESKTOP-E27VPVB" failures="0" tests="1" name="com.evs.vtiger.HomeTestScript.HomeModuleCreatePageTestScript" time="27.552" errors="0" timestamp="2023-10-20T14:58:25 IST" skipped="0">
  <testcase classname="com.evs.vtiger.HomeTestScript.HomeModuleCreatePageTestScript" name="verifyVt0049" time="27.552"/>
</testsuite> <!-- com.evs.vtiger.HomeTestScript.HomeModuleCreatePageTestScript -->
