<?xml version="1.0" encoding="UTF-8"?>
<!-- Generated by org.testng.reporters.JUnitReportReporter -->
<testsuite hostname="DESKTOP-E27VPVB" failures="0" tests="1" name="com.evs.vtiger.testScript.HomeModuleCreatePageTestScript" time="25.408" errors="0" timestamp="2023-10-17T16:22:21 IST" skipped="0">
  <testcase classname="com.evs.vtiger.testScript.HomeModuleCreatePageTestScript" name="verifyVt0049" time="25.408"/>
</testsuite> <!-- com.evs.vtiger.testScript.HomeModuleCreatePageTestScript -->
