<?xml version="1.0" encoding="UTF-8"?>
<!-- Generated by org.testng.reporters.JUnitReportReporter -->
<testsuite hostname="DESKTOP-E27VPVB" failures="0" tests="1" name="com.evs.vtiger.HomeTestScript.HomeNotebookTestScript" time="15.964" errors="0" timestamp="2023-10-20T14:58:25 IST" skipped="0">
  <testcase classname="com.evs.vtiger.HomeTestScript.HomeNotebookTestScript" name="verifyVT0051HomeNoteBookTestScript" time="15.964"/>
</testsuite> <!-- com.evs.vtiger.HomeTestScript.HomeNotebookTestScript -->
