<?xml version="1.0" encoding="UTF-8"?>
<!-- Generated by org.testng.reporters.JUnitReportReporter -->
<testsuite hostname="DESKTOP-E27VPVB" failures="0" tests="1" name="com.evs.vtiger.testScript.MainSubmoduleTestscript" time="38.788" errors="0" timestamp="2023-10-28T05:45:29 IST" skipped="0">
  <testcase classname="com.evs.vtiger.testScript.MainSubmoduleTestscript" name="verifyVT0047mainSubmodule" time="38.788"/>
</testsuite> <!-- com.evs.vtiger.testScript.MainSubmoduleTestscript -->
